<?xml version="1.0" encoding="UTF-8"?>
<!-- Generated by org.testng.reporters.JUnitReportReporter -->
<testsuite skipped="0" hostname="Alekseeva" name="online_tusur.unit_online_tusur.NewTestNGdata" tests="4" failures="0" timestamp="2022-02-18T14:27:58 GMT+07:00" time="0.010" errors="0">
  <testcase name="SimpleTest1" time="0.006" classname="online_tusur.unit_online_tusur.NewTestNGdata"/>
  <system-out/>
  <testcase name="SimpleTest1" time="0.001" classname="online_tusur.unit_online_tusur.NewTestNGdata"/>
  <system-out/>
  <testcase name="SimpleTest2" time="0.002" classname="online_tusur.unit_online_tusur.NewTestNGdata"/>
  <system-out/>
  <testcase name="SimpleTest2" time="0.001" classname="online_tusur.unit_online_tusur.NewTestNGdata"/>
  <system-out/>
</testsuite> <!-- online_tusur.unit_online_tusur.NewTestNGdata -->
