<?xml version="1.0" encoding="UTF-8"?>
<!-- Generated by org.testng.reporters.JUnitReportReporter -->
<testsuite skipped="0" hostname="Alekseeva" name="online_tusur.unit_online_tusur.TestNGFactory2" tests="5" failures="0" timestamp="2022-02-25T12:54:11 GMT+07:00" time="0.011" errors="0">
  <testcase name="firstName" time="0.001" classname="online_tusur.unit_online_tusur.TestNGFactory2"/>
  <system-out/>
  <testcase name="firstName" time="0.001" classname="online_tusur.unit_online_tusur.TestNGFactory2"/>
  <system-out/>
  <testcase name="firstName" time="0.007" classname="online_tusur.unit_online_tusur.TestNGFactory2"/>
  <system-out/>
  <testcase name="firstName" time="0.001" classname="online_tusur.unit_online_tusur.TestNGFactory2"/>
  <system-out/>
  <testcase name="firstName" time="0.001" classname="online_tusur.unit_online_tusur.TestNGFactory2"/>
  <system-out/>
</testsuite> <!-- online_tusur.unit_online_tusur.TestNGFactory2 -->
