<?xml version="1.0" encoding="UTF-8"?>
<!-- Generated by org.testng.reporters.JUnitReportReporter -->
<testsuite skipped="0" hostname="Alekseeva" name="online_tusur.unit_online_tusur.NewTestNGparam" tests="4" failures="0" timestamp="2022-02-16T14:19:49 GMT+07:00" time="0.012" errors="0">
  <testcase name="testNames" time="0.001" classname="online_tusur.unit_online_tusur.NewTestNGparam"/>
  <system-out/>
  <testcase name="testNames" time="0.001" classname="online_tusur.unit_online_tusur.NewTestNGparam"/>
  <system-out/>
  <testcase name="params" time="0.009" classname="online_tusur.unit_online_tusur.NewTestNGparam"/>
  <system-out/>
  <testcase name="testNames" time="0.001" classname="online_tusur.unit_online_tusur.NewTestNGparam"/>
  <system-out/>
</testsuite> <!-- online_tusur.unit_online_tusur.NewTestNGparam -->
