<?xml version="1.0" encoding="UTF-8"?>
<!-- Generated by org.testng.reporters.JUnitReportReporter -->
<testsuite skipped="0" hostname="DESKTOP-B1S47NI" name="online_tusur.unit_online_tusur.NewTest" tests="1" failures="0" timestamp="2022-02-10T16:26:47 GMT+07:00" time="0.018" errors="0">
  <testcase name="f" time="0.018" classname="online_tusur.unit_online_tusur.NewTest"/>
  <system-out/>
</testsuite> <!-- online_tusur.unit_online_tusur.NewTest -->
