<?xml version="1.0" encoding="UTF-8"?>
<!-- Generated by org.testng.reporters.JUnitReportReporter -->
<testsuite skipped="0" hostname="Alekseeva" name="online_tusur.unit_online_tusur.NewTestNG" tests="2" failures="0" timestamp="2022-02-25T12:21:22 GMT+07:00" time="0.008" errors="0">
  <testcase name="test1" time="0.006" classname="online_tusur.unit_online_tusur.NewTestNG"/>
  <system-out/>
  <testcase name="test2" time="0.002" classname="online_tusur.unit_online_tusur.NewTestNG"/>
  <system-out/>
</testsuite> <!-- online_tusur.unit_online_tusur.NewTestNG -->
