<?xml version="1.0" encoding="UTF-8"?>
<!-- Generated by org.testng.reporters.JUnitReportReporter -->
<testsuite skipped="1" hostname="Alekseeva" name="online_tusur.unit_online_tusur.NewTestNG1" tests="5" failures="0" timestamp="2022-02-25T13:00:12 GMT+07:00" time="0.012" errors="0">
  <testcase name="testAge1" time="0.006" classname="online_tusur.unit_online_tusur.NewTestNG1"/>
  <system-out/>
  <testcase name="testEmptyCollection" time="0.003" classname="online_tusur.unit_online_tusur.NewTestNG1"/>
  <system-out/>
  <testcase name="testItemCollection" time="0.001" classname="online_tusur.unit_online_tusur.NewTestNG1"/>
  <system-out/>
  <testcase name="testNotEmptyCollection" time="0.002" classname="online_tusur.unit_online_tusur.NewTestNG1"/>
  <system-out/>
  <testcase name="testAge2" classname="online_tusur.unit_online_tusur.NewTestNG1">
    <skipped/>
  </testcase> <!-- testAge2 -->
  <system-out/>
</testsuite> <!-- online_tusur.unit_online_tusur.NewTestNG1 -->
